<?xml version="1.0" encoding="UTF-8"?>
<!-- Generated by org.testng.reporters.JUnitXMLReporter -->
<testsuite ignored="1" hostname="GOD" failures="0" tests="2" name="Test" time="16.331" errors="0" timestamp="2023-08-01T18:20:48 IST">
  <testcase classname="com.TestCases.TC001_LoginTest" name="TC001_TestCase" time="6.297"/>
  <testcase classname="com.TestCases.TC002_AddExpenes" name="TC002_HomePage" time="9.787"/>
  <testcase classname="com.TestCases.baseClass" name="@BeforeSuite setup" time="0.0">
    <ignored/>
  </testcase> <!-- @BeforeSuite setup -->
</testsuite> <!-- Test -->
