<?xml version="1.0" encoding="UTF-8"?>
<testng-results ignored="1" total="3" passed="2" failed="0" skipped="0">
  <reporter-output>
  </reporter-output>
  <suite started-at="2023-08-01T18:20:31 IST" name="Suite" finished-at="2023-08-01T18:20:48 IST" duration-ms="16331">
    <groups>
    </groups>
    <test started-at="2023-08-01T18:20:31 IST" name="Test" finished-at="2023-08-01T18:20:48 IST" duration-ms="16331">
      <class name="com.TestCases.TC002_AddExpenes">
        <test-method signature="TC002_HomePage()[pri:0, instance:com.TestCases.TC002_AddExpenes@294425a7]" started-at="2023-08-01T18:20:38 IST" name="TC002_HomePage" finished-at="2023-08-01T18:20:48 IST" duration-ms="9787" status="PASS">
          <reporter-output>
          </reporter-output>
        </test-method> <!-- TC002_HomePage -->
      </class> <!-- com.TestCases.TC002_AddExpenes -->
      <class name="com.TestCases.TC001_LoginTest">
        <test-method is-config="true" signature="setup()[pri:0, instance:com.TestCases.TC001_LoginTest@6b927fb]" started-at="2023-08-01T18:20:19 IST" name="setup" finished-at="2023-08-01T18:20:31 IST" duration-ms="12695" status="PASS">
          <reporter-output>
          </reporter-output>
        </test-method> <!-- setup -->
        <test-method signature="TC001_TestCase()[pri:0, instance:com.TestCases.TC001_LoginTest@6b927fb]" started-at="2023-08-01T18:20:32 IST" name="TC001_TestCase" finished-at="2023-08-01T18:20:38 IST" duration-ms="6297" status="PASS">
          <reporter-output>
          </reporter-output>
        </test-method> <!-- TC001_TestCase -->
      </class> <!-- com.TestCases.TC001_LoginTest -->
    </test> <!-- Test -->
  </suite> <!-- Suite -->
</testng-results>
